
404 error at 20-01-2015 11:12:07: http://localhost:5000/does_not_exist
404 error at 20-01-2015 11:15:12: http://localhost:5000/users/derp
500 error at 20-01-2015 11:21:08: http://localhost:5000/users/
500 error at 20-01-2015 20:29:09: http://localhost:5000/users/
404 error at 20-01-2015 20:29:56: http://localhost/this-route-does-not-exist/
500 error at 20-01-2015 20:32:33: http://localhost:5000/users/
404 error at 20-01-2015 20:39:28: http://localhost/this-route-does-not-exist/
404 error at 20-01-2015 20:48:38: http://localhost/this-route-does-not-exist/
404 error at 20-01-2015 20:55:25: http://localhost/this-route-does-not-exist/
404 error at 20-01-2015 21:07:07: http://localhost/this-route-does-not-exist/
404 error at 21-01-2015 08:55:17: http://localhost/this-route-does-not-exist/
404 error at 21-01-2015 09:01:58: http://localhost/this-route-does-not-exist/
404 error at 21-01-2015 20:11:34: http://localhost:5000/favicon.ico
404 error at 21-01-2015 20:28:38: http://localhost/this-route-does-not-exist/
404 error at 21-01-2015 20:31:01: http://localhost/this-route-does-not-exist/
404 error at 21-01-2015 20:50:00: http://localhost/this-route-does-not-exist/
404 error at 21-01-2015 20:52:11: http://localhost/this-route-does-not-exist/
404 error at 21-01-2015 21:05:08: http://localhost/this-route-does-not-exist/
404 error at 21-01-2015 21:09:06: http://localhost/this-route-does-not-exist/
404 error at 21-01-2015 21:36:12: http://localhost/this-route-does-not-exist/
404 error at 21-01-2015 21:38:03: http://localhost/this-route-does-not-exist/
404 error at 21-01-2015 21:39:38: http://localhost/this-route-does-not-exist/